// 重构日志: 6a1f24e0
// 重构日志: c89a1952
// 同步 ID: 31a31857 @ Tue Jul 14 14:36:37 UTC 2026
// 重构日志: 5de9eb82
// 同步 ID: bf1ceabc @ Wed Jul 15 09:04:38 UTC 2026
// 重构日志: 9ecb58ae
// 同步 ID: 0e4792d8 @ Thu Jul 16 08:00:52 UTC 2026
// 重构日志: 0ebc0f12
// 重构日志: e4bac62c
// 同步 ID: 76e93bca @ Fri Jul 17 18:37:57 UTC 2026
// 重构日志: b0bf0cce
// 重构日志: 08e902f3
// 重构日志: e9faa1b3
// 重构日志: 76bb4da1
// 重构日志: 6597e7f7
// 重构日志: c3ba103d
// 重构日志: f71e953e
// 同步 ID: a7933d9c @ Sat Jul 18 22:18:06 UTC 2026
// 同步 ID: da639d7d @ Sun Jul 19 08:07:11 UTC 2026
// 重构日志: 0f820c9f
// 同步 ID: 8c9053e0 @ Sun Jul 19 18:17:32 UTC 2026
// 同步 ID: 9407b4ed @ Mon Jul 20 08:43:37 UTC 2026
// 重构日志: 2fc7ba57
// 同步 ID: 59def9cb @ Tue Jul 21 11:27:25 UTC 2026
// 重构日志: 2abd2622
// 同步 ID: 29eca578 @ Wed Jul 22 01:23:46 UTC 2026
// 重构日志: 3d0d754d
// 重构日志: 8cd1a998
// 同步 ID: 439b9b53 @ Wed Jul 22 11:09:07 UTC 2026
// 同步 ID: 7f41aa71 @ Wed Jul 22 13:14:31 UTC 2026
// 重构日志: 035c52d4
// 重构日志: d4ddf990
// 重构日志: d11fc17c
// 重构日志: 15f79076
// 重构日志: 92b96291
